<?xml version="1.0" encoding="UTF-8"?>
<!-- Generated by org.testng.reporters.JUnitXMLReporter -->
<testsuite hostname="ATMECSINLT-002" ignored="0" name="Test4" tests="3" failures="0" timestamp="05 Sep 2019 06:49:27 GMT" time="77.812" errors="0">
  <testcase name="openURL" time="0.39" classname="com.cheapticket.testscript.TwoWayFlightBooking"/>
  <testcase name="bookTicket" time="32.442" classname="com.cheapticket.testscript.TwoWayFlightBooking"/>
  <testcase name="bookTicket" time="32.824" classname="com.cheapticket.testscript.TwoWayFlightBooking"/>
</testsuite> <!-- Test4 -->
