<?xml version="1.0" encoding="UTF-8"?>
<!-- Generated by org.testng.reporters.JUnitXMLReporter -->
<testsuite hostname="ATMECSINLT-002" ignored="0" name="Test2" tests="3" failures="0" timestamp="05 Sep 2019 11:24:16 GMT" time="63.783" errors="0">
  <testcase name="openURL" time="4.293" classname="com.cheapticket.testscript.OneWayFlightBooking"/>
  <testcase name="bookTicket" time="24.656" classname="com.cheapticket.testscript.OneWayFlightBooking"/>
  <testcase name="bookTicket" time="25.84" classname="com.cheapticket.testscript.OneWayFlightBooking"/>
</testsuite> <!-- Test2 -->
