<?xml version="1.0" encoding="UTF-8"?>
<testng-results skipped="0" failed="0" ignored="0" total="3" passed="3">
  <reporter-output>
  </reporter-output>
  <suite name="Suite1" duration-ms="63783" started-at="2019-09-05T11:23:13Z" finished-at="2019-09-05T11:24:16Z">
    <groups>
    </groups>
    <test name="Test2" duration-ms="63783" started-at="2019-09-05T11:23:13Z" finished-at="2019-09-05T11:24:16Z">
      <class name="com.cheapticket.testscript.OneWayFlightBooking">
        <test-method status="PASS" signature="setBrowser(java.lang.String)[pri:0, instance:com.cheapticket.testscript.OneWayFlightBooking@57baeedf]" name="setBrowser" is-config="true" duration-ms="6957" started-at="2019-09-05T11:23:13Z" finished-at="2019-09-05T11:23:20Z">
          <params>
            <param index="0">
              <value>
                <![CDATA[chrome]]>
              </value>
            </param>
          </params>
          <reporter-output>
          </reporter-output>
        </test-method> <!-- setBrowser -->
        <test-method status="PASS" signature="openURL()[pri:1, instance:com.cheapticket.testscript.OneWayFlightBooking@57baeedf]" name="openURL" duration-ms="4293" started-at="2019-09-05T11:23:20Z" finished-at="2019-09-05T11:23:24Z">
          <reporter-output>
          </reporter-output>
        </test-method> <!-- openURL -->
        <test-method status="PASS" signature="bookTicket([Ljava.lang.String;)[pri:2, instance:com.cheapticket.testscript.OneWayFlightBooking@57baeedf]" name="bookTicket" duration-ms="24656" started-at="2019-09-05T11:23:25Z" data-provider="SearchProvider" finished-at="2019-09-05T11:23:50Z">
          <params>
            <param index="0">
              <value>
                <![CDATA[[Ljava.lang.String;@538613b3]]>
              </value>
            </param>
          </params>
          <reporter-output>
          </reporter-output>
        </test-method> <!-- bookTicket -->
        <test-method status="PASS" signature="bookTicket([Ljava.lang.String;)[pri:2, instance:com.cheapticket.testscript.OneWayFlightBooking@57baeedf]" name="bookTicket" duration-ms="25840" started-at="2019-09-05T11:23:50Z" data-provider="SearchProvider" finished-at="2019-09-05T11:24:16Z">
          <params>
            <param index="0">
              <value>
                <![CDATA[[Ljava.lang.String;@1eef9aef]]>
              </value>
            </param>
          </params>
          <reporter-output>
          </reporter-output>
        </test-method> <!-- bookTicket -->
        <test-method status="PASS" signature="closeBrowser()[pri:0, instance:com.cheapticket.testscript.OneWayFlightBooking@57baeedf]" name="closeBrowser" is-config="true" duration-ms="794" started-at="2019-09-05T11:24:16Z" finished-at="2019-09-05T11:24:16Z">
          <reporter-output>
          </reporter-output>
        </test-method> <!-- closeBrowser -->
      </class> <!-- com.cheapticket.testscript.OneWayFlightBooking -->
    </test> <!-- Test2 -->
  </suite> <!-- Suite1 -->
</testng-results>
